[0.932s] Invoking command in '/home/daikiiiy/ros2_ws/src/mypkg': CONDA_PROMPT_MODIFIER=(base) PYTHONPATH=/home/daikiiiy/ros2_ws/src/mypkg/build/mypkg/prefix_override:/usr/lib/python3/dist-packages/colcon_core/task/python/colcon_distutils_commands:/home/daikiiiy/ros2_ws/src/mypkg/install/mypkg/lib/python3.12/site-packages:${PYTHONPATH} /usr/bin/python3 -W ignore:setup.py install is deprecated -W ignore:easy_install command is deprecated setup.py egg_info --egg-base build/mypkg build --build-base /home/daikiiiy/ros2_ws/src/mypkg/build/mypkg/build install --record /home/daikiiiy/ros2_ws/src/mypkg/build/mypkg/install.log --single-version-externally-managed install_data
[1.225s] running egg_info
[1.225s] creating build/mypkg/mypkg.egg-info
[1.244s] writing build/mypkg/mypkg.egg-info/PKG-INFO
[1.244s] writing dependency_links to build/mypkg/mypkg.egg-info/dependency_links.txt
[1.245s] writing entry points to build/mypkg/mypkg.egg-info/entry_points.txt
[1.245s] writing requirements to build/mypkg/mypkg.egg-info/requires.txt
[1.245s] writing top-level names to build/mypkg/mypkg.egg-info/top_level.txt
[1.245s] writing manifest file 'build/mypkg/mypkg.egg-info/SOURCES.txt'
[1.283s] reading manifest file 'build/mypkg/mypkg.egg-info/SOURCES.txt'
[1.284s] writing manifest file 'build/mypkg/mypkg.egg-info/SOURCES.txt'
[1.285s] running build
[1.285s] running build_py
[1.285s] creating /home/daikiiiy/ros2_ws/src/mypkg/build/mypkg/build
[1.285s] creating /home/daikiiiy/ros2_ws/src/mypkg/build/mypkg/build/lib
[1.286s] creating /home/daikiiiy/ros2_ws/src/mypkg/build/mypkg/build/lib/mypkg
[1.286s] copying mypkg/listener.py -> /home/daikiiiy/ros2_ws/src/mypkg/build/mypkg/build/lib/mypkg
[1.287s] copying mypkg/__init__.py -> /home/daikiiiy/ros2_ws/src/mypkg/build/mypkg/build/lib/mypkg
[1.288s] copying mypkg/talker.py -> /home/daikiiiy/ros2_ws/src/mypkg/build/mypkg/build/lib/mypkg
[1.289s] running install
[1.296s] running install_lib
[1.316s] creating /home/daikiiiy/ros2_ws/src/mypkg/install/mypkg/lib/python3.12/site-packages/mypkg
[1.316s] copying /home/daikiiiy/ros2_ws/src/mypkg/build/mypkg/build/lib/mypkg/listener.py -> /home/daikiiiy/ros2_ws/src/mypkg/install/mypkg/lib/python3.12/site-packages/mypkg
[1.317s] copying /home/daikiiiy/ros2_ws/src/mypkg/build/mypkg/build/lib/mypkg/__init__.py -> /home/daikiiiy/ros2_ws/src/mypkg/install/mypkg/lib/python3.12/site-packages/mypkg
[1.317s] copying /home/daikiiiy/ros2_ws/src/mypkg/build/mypkg/build/lib/mypkg/talker.py -> /home/daikiiiy/ros2_ws/src/mypkg/install/mypkg/lib/python3.12/site-packages/mypkg
[1.317s] byte-compiling /home/daikiiiy/ros2_ws/src/mypkg/install/mypkg/lib/python3.12/site-packages/mypkg/listener.py to listener.cpython-312.pyc
[1.319s] byte-compiling /home/daikiiiy/ros2_ws/src/mypkg/install/mypkg/lib/python3.12/site-packages/mypkg/__init__.py to __init__.cpython-312.pyc
[1.319s] byte-compiling /home/daikiiiy/ros2_ws/src/mypkg/install/mypkg/lib/python3.12/site-packages/mypkg/talker.py to talker.cpython-312.pyc
[1.319s] running install_data
[1.320s] creating /home/daikiiiy/ros2_ws/src/mypkg/install/mypkg/share/ament_index
[1.320s] creating /home/daikiiiy/ros2_ws/src/mypkg/install/mypkg/share/ament_index/resource_index
[1.321s] creating /home/daikiiiy/ros2_ws/src/mypkg/install/mypkg/share/ament_index/resource_index/packages
[1.321s] copying resource/mypkg -> /home/daikiiiy/ros2_ws/src/mypkg/install/mypkg/share/ament_index/resource_index/packages
[1.322s] copying package.xml -> /home/daikiiiy/ros2_ws/src/mypkg/install/mypkg/share/mypkg
[1.322s] running install_egg_info
[1.346s] Copying build/mypkg/mypkg.egg-info to /home/daikiiiy/ros2_ws/src/mypkg/install/mypkg/lib/python3.12/site-packages/mypkg-0.0.0-py3.12.egg-info
[1.347s] running install_scripts
[1.494s] Installing listener script to /home/daikiiiy/ros2_ws/src/mypkg/install/mypkg/lib/mypkg
[1.494s] Installing talker script to /home/daikiiiy/ros2_ws/src/mypkg/install/mypkg/lib/mypkg
[1.495s] writing list of installed files to '/home/daikiiiy/ros2_ws/src/mypkg/build/mypkg/install.log'
[1.527s] Invoked command in '/home/daikiiiy/ros2_ws/src/mypkg' returned '0': CONDA_PROMPT_MODIFIER=(base) PYTHONPATH=/home/daikiiiy/ros2_ws/src/mypkg/build/mypkg/prefix_override:/usr/lib/python3/dist-packages/colcon_core/task/python/colcon_distutils_commands:/home/daikiiiy/ros2_ws/src/mypkg/install/mypkg/lib/python3.12/site-packages:${PYTHONPATH} /usr/bin/python3 -W ignore:setup.py install is deprecated -W ignore:easy_install command is deprecated setup.py egg_info --egg-base build/mypkg build --build-base /home/daikiiiy/ros2_ws/src/mypkg/build/mypkg/build install --record /home/daikiiiy/ros2_ws/src/mypkg/build/mypkg/install.log --single-version-externally-managed install_data
